The system is: Linux - 3.2.0-4-amd64 - x86_64
Compiling the C compiler identification source file "CMakeCCompilerId.c" succeeded.
Compiler: /usr/local/mpi-201507/bin/mpicc 
Build flags: -fPIC;-O
Id flags: 

The output was:
0


Compilation of the C compiler identification source "CMakeCCompilerId.c" produced "a.out"

The C compiler identification is GNU, found in "/users/darie/PToolsV201507/petsc-3.6.1/opt/externalpackages/metis-5.1.0-p1/build/CMakeFiles/CompilerIdC/a.out"

Compiling the CXX compiler identification source file "CMakeCXXCompilerId.cpp" succeeded.
Compiler: /usr/local/mpi-201507/bin/mpicxx 
Build flags: -O;-fPIC
Id flags: 

The output was:
0


Compilation of the CXX compiler identification source "CMakeCXXCompilerId.cpp" produced "a.out"

The CXX compiler identification is GNU, found in "/users/darie/PToolsV201507/petsc-3.6.1/opt/externalpackages/metis-5.1.0-p1/build/CMakeFiles/CompilerIdCXX/a.out"

Determining if the C compiler works passed with the following output:
Change Dir: /users/darie/PToolsV201507/petsc-3.6.1/opt/externalpackages/metis-5.1.0-p1/build/CMakeFiles/CMakeTmp

Run Build Command:/usr/bin/make "cmTryCompileExec3203518710/fast"
/usr/bin/make -f CMakeFiles/cmTryCompileExec3203518710.dir/build.make CMakeFiles/cmTryCompileExec3203518710.dir/build
make[1]: Entering directory `/users/darie/PToolsV201507/petsc-3.6.1/opt/externalpackages/metis-5.1.0-p1/build/CMakeFiles/CMakeTmp'
/usr/bin/cmake -E cmake_progress_report /users/darie/PToolsV201507/petsc-3.6.1/opt/externalpackages/metis-5.1.0-p1/build/CMakeFiles/CMakeTmp/CMakeFiles 1
Building C object CMakeFiles/cmTryCompileExec3203518710.dir/testCCompiler.c.o
/usr/local/mpi-201507/bin/mpicc   -fPIC -O     -o CMakeFiles/cmTryCompileExec3203518710.dir/testCCompiler.c.o   -c /users/darie/PToolsV201507/petsc-3.6.1/opt/externalpackages/metis-5.1.0-p1/build/CMakeFiles/CMakeTmp/testCCompiler.c
Linking C executable cmTryCompileExec3203518710
/usr/bin/cmake -E cmake_link_script CMakeFiles/cmTryCompileExec3203518710.dir/link.txt --verbose=1
/usr/local/mpi-201507/bin/mpicc   -fPIC -O      CMakeFiles/cmTryCompileExec3203518710.dir/testCCompiler.c.o  -o cmTryCompileExec3203518710 -rdynamic 
make[1]: Leaving directory `/users/darie/PToolsV201507/petsc-3.6.1/opt/externalpackages/metis-5.1.0-p1/build/CMakeFiles/CMakeTmp'


Detecting C compiler ABI info compiled with the following output:
Change Dir: /users/darie/PToolsV201507/petsc-3.6.1/opt/externalpackages/metis-5.1.0-p1/build/CMakeFiles/CMakeTmp

Run Build Command:/usr/bin/make "cmTryCompileExec2430640863/fast"
/usr/bin/make -f CMakeFiles/cmTryCompileExec2430640863.dir/build.make CMakeFiles/cmTryCompileExec2430640863.dir/build
make[1]: Entering directory `/users/darie/PToolsV201507/petsc-3.6.1/opt/externalpackages/metis-5.1.0-p1/build/CMakeFiles/CMakeTmp'
/usr/bin/cmake -E cmake_progress_report /users/darie/PToolsV201507/petsc-3.6.1/opt/externalpackages/metis-5.1.0-p1/build/CMakeFiles/CMakeTmp/CMakeFiles 1
Building C object CMakeFiles/cmTryCompileExec2430640863.dir/CMakeCCompilerABI.c.o
/usr/local/mpi-201507/bin/mpicc   -fPIC -O     -o CMakeFiles/cmTryCompileExec2430640863.dir/CMakeCCompilerABI.c.o   -c /usr/share/cmake-2.8/Modules/CMakeCCompilerABI.c
Linking C executable cmTryCompileExec2430640863
/usr/bin/cmake -E cmake_link_script CMakeFiles/cmTryCompileExec2430640863.dir/link.txt --verbose=1
/usr/local/mpi-201507/bin/mpicc   -fPIC -O    -v CMakeFiles/cmTryCompileExec2430640863.dir/CMakeCCompilerABI.c.o  -o cmTryCompileExec2430640863 -rdynamic  
Using built-in specs.
COLLECT_GCC=/usr/bin/gcc
COLLECT_LTO_WRAPPER=/usr/lib/gcc/x86_64-linux-gnu/4.7/lto-wrapper
Target: x86_64-linux-gnu
Configured with: ../src/configure -v --with-pkgversion='Debian 4.7.2-5' --with-bugurl=file:///usr/share/doc/gcc-4.7/README.Bugs --enable-languages=c,c++,go,fortran,objc,obj-c++ --prefix=/usr --program-suffix=-4.7 --enable-shared --enable-linker-build-id --with-system-zlib --libexecdir=/usr/lib --without-included-gettext --enable-threads=posix --with-gxx-include-dir=/usr/include/c++/4.7 --libdir=/usr/lib --enable-nls --with-sysroot=/ --enable-clocale=gnu --enable-libstdcxx-debug --enable-libstdcxx-time=yes --enable-gnu-unique-object --enable-plugin --enable-objc-gc --with-arch-32=i586 --with-tune=generic --enable-checking=release --build=x86_64-linux-gnu --host=x86_64-linux-gnu --target=x86_64-linux-gnu
Thread model: posix
gcc version 4.7.2 (Debian 4.7.2-5) 
COMPILER_PATH=/usr/lib/gcc/x86_64-linux-gnu/4.7/:/usr/lib/gcc/x86_64-linux-gnu/4.7/:/usr/lib/gcc/x86_64-linux-gnu/:/usr/lib/gcc/x86_64-linux-gnu/4.7/:/usr/lib/gcc/x86_64-linux-gnu/
LIBRARY_PATH=/usr/lib/gcc/x86_64-linux-gnu/4.7/:/usr/lib/gcc/x86_64-linux-gnu/4.7/../../../x86_64-linux-gnu/:/usr/lib/gcc/x86_64-linux-gnu/4.7/../../../../lib/:/lib/x86_64-linux-gnu/:/lib/../lib/:/usr/lib/x86_64-linux-gnu/:/usr/lib/../lib/:/usr/lib/gcc/x86_64-linux-gnu/4.7/../../../:/lib/:/usr/lib/
COLLECT_GCC_OPTIONS='-fPIC' '-O' '-v' '-o' 'cmTryCompileExec2430640863' '-rdynamic' '-I' '/usr/local/mpi-201507/include' '-pthread' '-L/usr/local/mpi-201507/lib' '-mtune=generic' '-march=x86-64'
 /usr/lib/gcc/x86_64-linux-gnu/4.7/collect2 --sysroot=/ --build-id --no-add-needed --eh-frame-hdr -m elf_x86_64 --hash-style=both -export-dynamic -dynamic-linker /lib64/ld-linux-x86-64.so.2 -o cmTryCompileExec2430640863 /usr/lib/gcc/x86_64-linux-gnu/4.7/../../../x86_64-linux-gnu/crt1.o /usr/lib/gcc/x86_64-linux-gnu/4.7/../../../x86_64-linux-gnu/crti.o /usr/lib/gcc/x86_64-linux-gnu/4.7/crtbegin.o -L/usr/local/mpi-201507/lib -L/usr/lib/gcc/x86_64-linux-gnu/4.7 -L/usr/lib/gcc/x86_64-linux-gnu/4.7/../../../x86_64-linux-gnu -L/usr/lib/gcc/x86_64-linux-gnu/4.7/../../../../lib -L/lib/x86_64-linux-gnu -L/lib/../lib -L/usr/lib/x86_64-linux-gnu -L/usr/lib/../lib -L/usr/lib/gcc/x86_64-linux-gnu/4.7/../../.. CMakeFiles/cmTryCompileExec2430640863.dir/CMakeCCompilerABI.c.o -rpath /usr/local/mpi-201507/lib --enable-new-dtags -lmpi -lgcc --as-needed -lgcc_s --no-as-needed -lpthread -lc -lgcc --as-needed -lgcc_s --no-as-needed /usr/lib/gcc/x86_64-linux-gnu/4.7/crtend.o /usr/lib/gcc/x86_64-linux-gnu/4.7/../../../x86_64-linux-gnu/crtn.o
make[1]: Leaving directory `/users/darie/PToolsV201507/petsc-3.6.1/opt/externalpackages/metis-5.1.0-p1/build/CMakeFiles/CMakeTmp'


Parsed C implicit link information from above output:
  link line regex: [^( *|.*[/\])(ld|ld|collect2)[^/\]*( |$)]
  ignore line: [Change Dir: /users/darie/PToolsV201507/petsc-3.6.1/opt/externalpackages/metis-5.1.0-p1/build/CMakeFiles/CMakeTmp]
  ignore line: []
  ignore line: [Run Build Command:/usr/bin/make "cmTryCompileExec2430640863/fast"]
  ignore line: [/usr/bin/make -f CMakeFiles/cmTryCompileExec2430640863.dir/build.make CMakeFiles/cmTryCompileExec2430640863.dir/build]
  ignore line: [make[1]: Entering directory `/users/darie/PToolsV201507/petsc-3.6.1/opt/externalpackages/metis-5.1.0-p1/build/CMakeFiles/CMakeTmp']
  ignore line: [/usr/bin/cmake -E cmake_progress_report /users/darie/PToolsV201507/petsc-3.6.1/opt/externalpackages/metis-5.1.0-p1/build/CMakeFiles/CMakeTmp/CMakeFiles 1]
  ignore line: [Building C object CMakeFiles/cmTryCompileExec2430640863.dir/CMakeCCompilerABI.c.o]
  ignore line: [/usr/local/mpi-201507/bin/mpicc   -fPIC -O     -o CMakeFiles/cmTryCompileExec2430640863.dir/CMakeCCompilerABI.c.o   -c /usr/share/cmake-2.8/Modules/CMakeCCompilerABI.c]
  ignore line: [Linking C executable cmTryCompileExec2430640863]
  ignore line: [/usr/bin/cmake -E cmake_link_script CMakeFiles/cmTryCompileExec2430640863.dir/link.txt --verbose=1]
  ignore line: [/usr/local/mpi-201507/bin/mpicc   -fPIC -O    -v CMakeFiles/cmTryCompileExec2430640863.dir/CMakeCCompilerABI.c.o  -o cmTryCompileExec2430640863 -rdynamic  ]
  ignore line: [Using built-in specs.]
  ignore line: [COLLECT_GCC=/usr/bin/gcc]
  ignore line: [COLLECT_LTO_WRAPPER=/usr/lib/gcc/x86_64-linux-gnu/4.7/lto-wrapper]
  ignore line: [Target: x86_64-linux-gnu]
  ignore line: [Configured with: ../src/configure -v --with-pkgversion='Debian 4.7.2-5' --with-bugurl=file:///usr/share/doc/gcc-4.7/README.Bugs --enable-languages=c,c++,go,fortran,objc,obj-c++ --prefix=/usr --program-suffix=-4.7 --enable-shared --enable-linker-build-id --with-system-zlib --libexecdir=/usr/lib --without-included-gettext --enable-threads=posix --with-gxx-include-dir=/usr/include/c++/4.7 --libdir=/usr/lib --enable-nls --with-sysroot=/ --enable-clocale=gnu --enable-libstdcxx-debug --enable-libstdcxx-time=yes --enable-gnu-unique-object --enable-plugin --enable-objc-gc --with-arch-32=i586 --with-tune=generic --enable-checking=release --build=x86_64-linux-gnu --host=x86_64-linux-gnu --target=x86_64-linux-gnu]
  ignore line: [Thread model: posix]
  ignore line: [gcc version 4.7.2 (Debian 4.7.2-5) ]
  ignore line: [COMPILER_PATH=/usr/lib/gcc/x86_64-linux-gnu/4.7/:/usr/lib/gcc/x86_64-linux-gnu/4.7/:/usr/lib/gcc/x86_64-linux-gnu/:/usr/lib/gcc/x86_64-linux-gnu/4.7/:/usr/lib/gcc/x86_64-linux-gnu/]
  ignore line: [LIBRARY_PATH=/usr/lib/gcc/x86_64-linux-gnu/4.7/:/usr/lib/gcc/x86_64-linux-gnu/4.7/../../../x86_64-linux-gnu/:/usr/lib/gcc/x86_64-linux-gnu/4.7/../../../../lib/:/lib/x86_64-linux-gnu/:/lib/../lib/:/usr/lib/x86_64-linux-gnu/:/usr/lib/../lib/:/usr/lib/gcc/x86_64-linux-gnu/4.7/../../../:/lib/:/usr/lib/]
  ignore line: [COLLECT_GCC_OPTIONS='-fPIC' '-O' '-v' '-o' 'cmTryCompileExec2430640863' '-rdynamic' '-I' '/usr/local/mpi-201507/include' '-pthread' '-L/usr/local/mpi-201507/lib' '-mtune=generic' '-march=x86-64']
  link line: [ /usr/lib/gcc/x86_64-linux-gnu/4.7/collect2 --sysroot=/ --build-id --no-add-needed --eh-frame-hdr -m elf_x86_64 --hash-style=both -export-dynamic -dynamic-linker /lib64/ld-linux-x86-64.so.2 -o cmTryCompileExec2430640863 /usr/lib/gcc/x86_64-linux-gnu/4.7/../../../x86_64-linux-gnu/crt1.o /usr/lib/gcc/x86_64-linux-gnu/4.7/../../../x86_64-linux-gnu/crti.o /usr/lib/gcc/x86_64-linux-gnu/4.7/crtbegin.o -L/usr/local/mpi-201507/lib -L/usr/lib/gcc/x86_64-linux-gnu/4.7 -L/usr/lib/gcc/x86_64-linux-gnu/4.7/../../../x86_64-linux-gnu -L/usr/lib/gcc/x86_64-linux-gnu/4.7/../../../../lib -L/lib/x86_64-linux-gnu -L/lib/../lib -L/usr/lib/x86_64-linux-gnu -L/usr/lib/../lib -L/usr/lib/gcc/x86_64-linux-gnu/4.7/../../.. CMakeFiles/cmTryCompileExec2430640863.dir/CMakeCCompilerABI.c.o -rpath /usr/local/mpi-201507/lib --enable-new-dtags -lmpi -lgcc --as-needed -lgcc_s --no-as-needed -lpthread -lc -lgcc --as-needed -lgcc_s --no-as-needed /usr/lib/gcc/x86_64-linux-gnu/4.7/crtend.o /usr/lib/gcc/x86_64-linux-gnu/4.7/../../../x86_64-linux-gnu/crtn.o]
    arg [/usr/lib/gcc/x86_64-linux-gnu/4.7/collect2] ==> ignore
    arg [--sysroot=/] ==> ignore
    arg [--build-id] ==> ignore
    arg [--no-add-needed] ==> ignore
    arg [--eh-frame-hdr] ==> ignore
    arg [-m] ==> ignore
    arg [elf_x86_64] ==> ignore
    arg [--hash-style=both] ==> ignore
    arg [-export-dynamic] ==> ignore
    arg [-dynamic-linker] ==> ignore
    arg [/lib64/ld-linux-x86-64.so.2] ==> ignore
    arg [-o] ==> ignore
    arg [cmTryCompileExec2430640863] ==> ignore
    arg [/usr/lib/gcc/x86_64-linux-gnu/4.7/../../../x86_64-linux-gnu/crt1.o] ==> ignore
    arg [/usr/lib/gcc/x86_64-linux-gnu/4.7/../../../x86_64-linux-gnu/crti.o] ==> ignore
    arg [/usr/lib/gcc/x86_64-linux-gnu/4.7/crtbegin.o] ==> ignore
    arg [-L/usr/local/mpi-201507/lib] ==> dir [/usr/local/mpi-201507/lib]
    arg [-L/usr/lib/gcc/x86_64-linux-gnu/4.7] ==> dir [/usr/lib/gcc/x86_64-linux-gnu/4.7]
    arg [-L/usr/lib/gcc/x86_64-linux-gnu/4.7/../../../x86_64-linux-gnu] ==> dir [/usr/lib/gcc/x86_64-linux-gnu/4.7/../../../x86_64-linux-gnu]
    arg [-L/usr/lib/gcc/x86_64-linux-gnu/4.7/../../../../lib] ==> dir [/usr/lib/gcc/x86_64-linux-gnu/4.7/../../../../lib]
    arg [-L/lib/x86_64-linux-gnu] ==> dir [/lib/x86_64-linux-gnu]
    arg [-L/lib/../lib] ==> dir [/lib/../lib]
    arg [-L/usr/lib/x86_64-linux-gnu] ==> dir [/usr/lib/x86_64-linux-gnu]
    arg [-L/usr/lib/../lib] ==> dir [/usr/lib/../lib]
    arg [-L/usr/lib/gcc/x86_64-linux-gnu/4.7/../../..] ==> dir [/usr/lib/gcc/x86_64-linux-gnu/4.7/../../..]
    arg [CMakeFiles/cmTryCompileExec2430640863.dir/CMakeCCompilerABI.c.o] ==> ignore
    arg [-rpath] ==> ignore
    arg [/usr/local/mpi-201507/lib] ==> ignore
    arg [--enable-new-dtags] ==> ignore
    arg [-lmpi] ==> lib [mpi]
    arg [-lgcc] ==> lib [gcc]
    arg [--as-needed] ==> ignore
    arg [-lgcc_s] ==> lib [gcc_s]
    arg [--no-as-needed] ==> ignore
    arg [-lpthread] ==> lib [pthread]
    arg [-lc] ==> lib [c]
    arg [-lgcc] ==> lib [gcc]
    arg [--as-needed] ==> ignore
    arg [-lgcc_s] ==> lib [gcc_s]
    arg [--no-as-needed] ==> ignore
    arg [/usr/lib/gcc/x86_64-linux-gnu/4.7/crtend.o] ==> ignore
    arg [/usr/lib/gcc/x86_64-linux-gnu/4.7/../../../x86_64-linux-gnu/crtn.o] ==> ignore
  remove lib [gcc]
  remove lib [gcc_s]
  remove lib [gcc]
  remove lib [gcc_s]
  collapse dir [/usr/local/mpi-201507/lib] ==> [/usr/local/mpi-201507/lib]
  collapse dir [/usr/lib/gcc/x86_64-linux-gnu/4.7] ==> [/usr/lib/gcc/x86_64-linux-gnu/4.7]
  collapse dir [/usr/lib/gcc/x86_64-linux-gnu/4.7/../../../x86_64-linux-gnu] ==> [/usr/lib/x86_64-linux-gnu]
  collapse dir [/usr/lib/gcc/x86_64-linux-gnu/4.7/../../../../lib] ==> [/usr/lib]
  collapse dir [/lib/x86_64-linux-gnu] ==> [/lib/x86_64-linux-gnu]
  collapse dir [/lib/../lib] ==> [/lib]
  collapse dir [/usr/lib/x86_64-linux-gnu] ==> [/usr/lib/x86_64-linux-gnu]
  collapse dir [/usr/lib/../lib] ==> [/usr/lib]
  collapse dir [/usr/lib/gcc/x86_64-linux-gnu/4.7/../../..] ==> [/usr/lib]
  implicit libs: [mpi;pthread;c]
  implicit dirs: [/usr/local/mpi-201507/lib;/usr/lib/gcc/x86_64-linux-gnu/4.7;/usr/lib/x86_64-linux-gnu;/usr/lib;/lib/x86_64-linux-gnu;/lib]


Determining if the CXX compiler works passed with the following output:
Change Dir: /users/darie/PToolsV201507/petsc-3.6.1/opt/externalpackages/metis-5.1.0-p1/build/CMakeFiles/CMakeTmp

Run Build Command:/usr/bin/make "cmTryCompileExec3775718412/fast"
/usr/bin/make -f CMakeFiles/cmTryCompileExec3775718412.dir/build.make CMakeFiles/cmTryCompileExec3775718412.dir/build
make[1]: Entering directory `/users/darie/PToolsV201507/petsc-3.6.1/opt/externalpackages/metis-5.1.0-p1/build/CMakeFiles/CMakeTmp'
/usr/bin/cmake -E cmake_progress_report /users/darie/PToolsV201507/petsc-3.6.1/opt/externalpackages/metis-5.1.0-p1/build/CMakeFiles/CMakeTmp/CMakeFiles 1
Building CXX object CMakeFiles/cmTryCompileExec3775718412.dir/testCXXCompiler.cxx.o
/usr/local/mpi-201507/bin/mpicxx    -O -fPIC     -o CMakeFiles/cmTryCompileExec3775718412.dir/testCXXCompiler.cxx.o -c /users/darie/PToolsV201507/petsc-3.6.1/opt/externalpackages/metis-5.1.0-p1/build/CMakeFiles/CMakeTmp/testCXXCompiler.cxx
Linking CXX executable cmTryCompileExec3775718412
/usr/bin/cmake -E cmake_link_script CMakeFiles/cmTryCompileExec3775718412.dir/link.txt --verbose=1
/usr/local/mpi-201507/bin/mpicxx    -O -fPIC      CMakeFiles/cmTryCompileExec3775718412.dir/testCXXCompiler.cxx.o  -o cmTryCompileExec3775718412 -rdynamic 
make[1]: Leaving directory `/users/darie/PToolsV201507/petsc-3.6.1/opt/externalpackages/metis-5.1.0-p1/build/CMakeFiles/CMakeTmp'


Detecting CXX compiler ABI info compiled with the following output:
Change Dir: /users/darie/PToolsV201507/petsc-3.6.1/opt/externalpackages/metis-5.1.0-p1/build/CMakeFiles/CMakeTmp

Run Build Command:/usr/bin/make "cmTryCompileExec2737207857/fast"
/usr/bin/make -f CMakeFiles/cmTryCompileExec2737207857.dir/build.make CMakeFiles/cmTryCompileExec2737207857.dir/build
make[1]: Entering directory `/users/darie/PToolsV201507/petsc-3.6.1/opt/externalpackages/metis-5.1.0-p1/build/CMakeFiles/CMakeTmp'
/usr/bin/cmake -E cmake_progress_report /users/darie/PToolsV201507/petsc-3.6.1/opt/externalpackages/metis-5.1.0-p1/build/CMakeFiles/CMakeTmp/CMakeFiles 1
Building CXX object CMakeFiles/cmTryCompileExec2737207857.dir/CMakeCXXCompilerABI.cpp.o
/usr/local/mpi-201507/bin/mpicxx    -O -fPIC     -o CMakeFiles/cmTryCompileExec2737207857.dir/CMakeCXXCompilerABI.cpp.o -c /usr/share/cmake-2.8/Modules/CMakeCXXCompilerABI.cpp
Linking CXX executable cmTryCompileExec2737207857
/usr/bin/cmake -E cmake_link_script CMakeFiles/cmTryCompileExec2737207857.dir/link.txt --verbose=1
/usr/local/mpi-201507/bin/mpicxx    -O -fPIC    -v CMakeFiles/cmTryCompileExec2737207857.dir/CMakeCXXCompilerABI.cpp.o  -o cmTryCompileExec2737207857 -rdynamic  
Using built-in specs.
COLLECT_GCC=/usr/bin/g++
COLLECT_LTO_WRAPPER=/usr/lib/gcc/x86_64-linux-gnu/4.7/lto-wrapper
Target: x86_64-linux-gnu
Configured with: ../src/configure -v --with-pkgversion='Debian 4.7.2-5' --with-bugurl=file:///usr/share/doc/gcc-4.7/README.Bugs --enable-languages=c,c++,go,fortran,objc,obj-c++ --prefix=/usr --program-suffix=-4.7 --enable-shared --enable-linker-build-id --with-system-zlib --libexecdir=/usr/lib --without-included-gettext --enable-threads=posix --with-gxx-include-dir=/usr/include/c++/4.7 --libdir=/usr/lib --enable-nls --with-sysroot=/ --enable-clocale=gnu --enable-libstdcxx-debug --enable-libstdcxx-time=yes --enable-gnu-unique-object --enable-plugin --enable-objc-gc --with-arch-32=i586 --with-tune=generic --enable-checking=release --build=x86_64-linux-gnu --host=x86_64-linux-gnu --target=x86_64-linux-gnu
Thread model: posix
gcc version 4.7.2 (Debian 4.7.2-5) 
COMPILER_PATH=/usr/lib/gcc/x86_64-linux-gnu/4.7/:/usr/lib/gcc/x86_64-linux-gnu/4.7/:/usr/lib/gcc/x86_64-linux-gnu/:/usr/lib/gcc/x86_64-linux-gnu/4.7/:/usr/lib/gcc/x86_64-linux-gnu/
LIBRARY_PATH=/usr/lib/gcc/x86_64-linux-gnu/4.7/:/usr/lib/gcc/x86_64-linux-gnu/4.7/../../../x86_64-linux-gnu/:/usr/lib/gcc/x86_64-linux-gnu/4.7/../../../../lib/:/lib/x86_64-linux-gnu/:/lib/../lib/:/usr/lib/x86_64-linux-gnu/:/usr/lib/../lib/:/usr/lib/gcc/x86_64-linux-gnu/4.7/../../../:/lib/:/usr/lib/
COLLECT_GCC_OPTIONS='-O' '-fPIC' '-v' '-o' 'cmTryCompileExec2737207857' '-rdynamic' '-I' '/usr/local/mpi-201507/include' '-pthread' '-L/usr/local/mpi-201507/lib' '-shared-libgcc' '-mtune=generic' '-march=x86-64'
 /usr/lib/gcc/x86_64-linux-gnu/4.7/collect2 --sysroot=/ --build-id --no-add-needed --eh-frame-hdr -m elf_x86_64 --hash-style=both -export-dynamic -dynamic-linker /lib64/ld-linux-x86-64.so.2 -o cmTryCompileExec2737207857 /usr/lib/gcc/x86_64-linux-gnu/4.7/../../../x86_64-linux-gnu/crt1.o /usr/lib/gcc/x86_64-linux-gnu/4.7/../../../x86_64-linux-gnu/crti.o /usr/lib/gcc/x86_64-linux-gnu/4.7/crtbegin.o -L/usr/local/mpi-201507/lib -L/usr/lib/gcc/x86_64-linux-gnu/4.7 -L/usr/lib/gcc/x86_64-linux-gnu/4.7/../../../x86_64-linux-gnu -L/usr/lib/gcc/x86_64-linux-gnu/4.7/../../../../lib -L/lib/x86_64-linux-gnu -L/lib/../lib -L/usr/lib/x86_64-linux-gnu -L/usr/lib/../lib -L/usr/lib/gcc/x86_64-linux-gnu/4.7/../../.. CMakeFiles/cmTryCompileExec2737207857.dir/CMakeCXXCompilerABI.cpp.o -rpath /usr/local/mpi-201507/lib --enable-new-dtags -lmpi_cxx -lmpi -lstdc++ -lm -lgcc_s -lgcc -lpthread -lc -lgcc_s -lgcc /usr/lib/gcc/x86_64-linux-gnu/4.7/crtend.o /usr/lib/gcc/x86_64-linux-gnu/4.7/../../../x86_64-linux-gnu/crtn.o
make[1]: Leaving directory `/users/darie/PToolsV201507/petsc-3.6.1/opt/externalpackages/metis-5.1.0-p1/build/CMakeFiles/CMakeTmp'


Parsed CXX implicit link information from above output:
  link line regex: [^( *|.*[/\])(ld|ld|collect2)[^/\]*( |$)]
  ignore line: [Change Dir: /users/darie/PToolsV201507/petsc-3.6.1/opt/externalpackages/metis-5.1.0-p1/build/CMakeFiles/CMakeTmp]
  ignore line: []
  ignore line: [Run Build Command:/usr/bin/make "cmTryCompileExec2737207857/fast"]
  ignore line: [/usr/bin/make -f CMakeFiles/cmTryCompileExec2737207857.dir/build.make CMakeFiles/cmTryCompileExec2737207857.dir/build]
  ignore line: [make[1]: Entering directory `/users/darie/PToolsV201507/petsc-3.6.1/opt/externalpackages/metis-5.1.0-p1/build/CMakeFiles/CMakeTmp']
  ignore line: [/usr/bin/cmake -E cmake_progress_report /users/darie/PToolsV201507/petsc-3.6.1/opt/externalpackages/metis-5.1.0-p1/build/CMakeFiles/CMakeTmp/CMakeFiles 1]
  ignore line: [Building CXX object CMakeFiles/cmTryCompileExec2737207857.dir/CMakeCXXCompilerABI.cpp.o]
  ignore line: [/usr/local/mpi-201507/bin/mpicxx    -O -fPIC     -o CMakeFiles/cmTryCompileExec2737207857.dir/CMakeCXXCompilerABI.cpp.o -c /usr/share/cmake-2.8/Modules/CMakeCXXCompilerABI.cpp]
  ignore line: [Linking CXX executable cmTryCompileExec2737207857]
  ignore line: [/usr/bin/cmake -E cmake_link_script CMakeFiles/cmTryCompileExec2737207857.dir/link.txt --verbose=1]
  ignore line: [/usr/local/mpi-201507/bin/mpicxx    -O -fPIC    -v CMakeFiles/cmTryCompileExec2737207857.dir/CMakeCXXCompilerABI.cpp.o  -o cmTryCompileExec2737207857 -rdynamic  ]
  ignore line: [Using built-in specs.]
  ignore line: [COLLECT_GCC=/usr/bin/g++]
  ignore line: [COLLECT_LTO_WRAPPER=/usr/lib/gcc/x86_64-linux-gnu/4.7/lto-wrapper]
  ignore line: [Target: x86_64-linux-gnu]
  ignore line: [Configured with: ../src/configure -v --with-pkgversion='Debian 4.7.2-5' --with-bugurl=file:///usr/share/doc/gcc-4.7/README.Bugs --enable-languages=c,c++,go,fortran,objc,obj-c++ --prefix=/usr --program-suffix=-4.7 --enable-shared --enable-linker-build-id --with-system-zlib --libexecdir=/usr/lib --without-included-gettext --enable-threads=posix --with-gxx-include-dir=/usr/include/c++/4.7 --libdir=/usr/lib --enable-nls --with-sysroot=/ --enable-clocale=gnu --enable-libstdcxx-debug --enable-libstdcxx-time=yes --enable-gnu-unique-object --enable-plugin --enable-objc-gc --with-arch-32=i586 --with-tune=generic --enable-checking=release --build=x86_64-linux-gnu --host=x86_64-linux-gnu --target=x86_64-linux-gnu]
  ignore line: [Thread model: posix]
  ignore line: [gcc version 4.7.2 (Debian 4.7.2-5) ]
  ignore line: [COMPILER_PATH=/usr/lib/gcc/x86_64-linux-gnu/4.7/:/usr/lib/gcc/x86_64-linux-gnu/4.7/:/usr/lib/gcc/x86_64-linux-gnu/:/usr/lib/gcc/x86_64-linux-gnu/4.7/:/usr/lib/gcc/x86_64-linux-gnu/]
  ignore line: [LIBRARY_PATH=/usr/lib/gcc/x86_64-linux-gnu/4.7/:/usr/lib/gcc/x86_64-linux-gnu/4.7/../../../x86_64-linux-gnu/:/usr/lib/gcc/x86_64-linux-gnu/4.7/../../../../lib/:/lib/x86_64-linux-gnu/:/lib/../lib/:/usr/lib/x86_64-linux-gnu/:/usr/lib/../lib/:/usr/lib/gcc/x86_64-linux-gnu/4.7/../../../:/lib/:/usr/lib/]
  ignore line: [COLLECT_GCC_OPTIONS='-O' '-fPIC' '-v' '-o' 'cmTryCompileExec2737207857' '-rdynamic' '-I' '/usr/local/mpi-201507/include' '-pthread' '-L/usr/local/mpi-201507/lib' '-shared-libgcc' '-mtune=generic' '-march=x86-64']
  link line: [ /usr/lib/gcc/x86_64-linux-gnu/4.7/collect2 --sysroot=/ --build-id --no-add-needed --eh-frame-hdr -m elf_x86_64 --hash-style=both -export-dynamic -dynamic-linker /lib64/ld-linux-x86-64.so.2 -o cmTryCompileExec2737207857 /usr/lib/gcc/x86_64-linux-gnu/4.7/../../../x86_64-linux-gnu/crt1.o /usr/lib/gcc/x86_64-linux-gnu/4.7/../../../x86_64-linux-gnu/crti.o /usr/lib/gcc/x86_64-linux-gnu/4.7/crtbegin.o -L/usr/local/mpi-201507/lib -L/usr/lib/gcc/x86_64-linux-gnu/4.7 -L/usr/lib/gcc/x86_64-linux-gnu/4.7/../../../x86_64-linux-gnu -L/usr/lib/gcc/x86_64-linux-gnu/4.7/../../../../lib -L/lib/x86_64-linux-gnu -L/lib/../lib -L/usr/lib/x86_64-linux-gnu -L/usr/lib/../lib -L/usr/lib/gcc/x86_64-linux-gnu/4.7/../../.. CMakeFiles/cmTryCompileExec2737207857.dir/CMakeCXXCompilerABI.cpp.o -rpath /usr/local/mpi-201507/lib --enable-new-dtags -lmpi_cxx -lmpi -lstdc++ -lm -lgcc_s -lgcc -lpthread -lc -lgcc_s -lgcc /usr/lib/gcc/x86_64-linux-gnu/4.7/crtend.o /usr/lib/gcc/x86_64-linux-gnu/4.7/../../../x86_64-linux-gnu/crtn.o]
    arg [/usr/lib/gcc/x86_64-linux-gnu/4.7/collect2] ==> ignore
    arg [--sysroot=/] ==> ignore
    arg [--build-id] ==> ignore
    arg [--no-add-needed] ==> ignore
    arg [--eh-frame-hdr] ==> ignore
    arg [-m] ==> ignore
    arg [elf_x86_64] ==> ignore
    arg [--hash-style=both] ==> ignore
    arg [-export-dynamic] ==> ignore
    arg [-dynamic-linker] ==> ignore
    arg [/lib64/ld-linux-x86-64.so.2] ==> ignore
    arg [-o] ==> ignore
    arg [cmTryCompileExec2737207857] ==> ignore
    arg [/usr/lib/gcc/x86_64-linux-gnu/4.7/../../../x86_64-linux-gnu/crt1.o] ==> ignore
    arg [/usr/lib/gcc/x86_64-linux-gnu/4.7/../../../x86_64-linux-gnu/crti.o] ==> ignore
    arg [/usr/lib/gcc/x86_64-linux-gnu/4.7/crtbegin.o] ==> ignore
    arg [-L/usr/local/mpi-201507/lib] ==> dir [/usr/local/mpi-201507/lib]
    arg [-L/usr/lib/gcc/x86_64-linux-gnu/4.7] ==> dir [/usr/lib/gcc/x86_64-linux-gnu/4.7]
    arg [-L/usr/lib/gcc/x86_64-linux-gnu/4.7/../../../x86_64-linux-gnu] ==> dir [/usr/lib/gcc/x86_64-linux-gnu/4.7/../../../x86_64-linux-gnu]
    arg [-L/usr/lib/gcc/x86_64-linux-gnu/4.7/../../../../lib] ==> dir [/usr/lib/gcc/x86_64-linux-gnu/4.7/../../../../lib]
    arg [-L/lib/x86_64-linux-gnu] ==> dir [/lib/x86_64-linux-gnu]
    arg [-L/lib/../lib] ==> dir [/lib/../lib]
    arg [-L/usr/lib/x86_64-linux-gnu] ==> dir [/usr/lib/x86_64-linux-gnu]
    arg [-L/usr/lib/../lib] ==> dir [/usr/lib/../lib]
    arg [-L/usr/lib/gcc/x86_64-linux-gnu/4.7/../../..] ==> dir [/usr/lib/gcc/x86_64-linux-gnu/4.7/../../..]
    arg [CMakeFiles/cmTryCompileExec2737207857.dir/CMakeCXXCompilerABI.cpp.o] ==> ignore
    arg [-rpath] ==> ignore
    arg [/usr/local/mpi-201507/lib] ==> ignore
    arg [--enable-new-dtags] ==> ignore
    arg [-lmpi_cxx] ==> lib [mpi_cxx]
    arg [-lmpi] ==> lib [mpi]
    arg [-lstdc++] ==> lib [stdc++]
    arg [-lm] ==> lib [m]
    arg [-lgcc_s] ==> lib [gcc_s]
    arg [-lgcc] ==> lib [gcc]
    arg [-lpthread] ==> lib [pthread]
    arg [-lc] ==> lib [c]
    arg [-lgcc_s] ==> lib [gcc_s]
    arg [-lgcc] ==> lib [gcc]
    arg [/usr/lib/gcc/x86_64-linux-gnu/4.7/crtend.o] ==> ignore
    arg [/usr/lib/gcc/x86_64-linux-gnu/4.7/../../../x86_64-linux-gnu/crtn.o] ==> ignore
  remove lib [gcc_s]
  remove lib [gcc]
  remove lib [gcc_s]
  remove lib [gcc]
  collapse dir [/usr/local/mpi-201507/lib] ==> [/usr/local/mpi-201507/lib]
  collapse dir [/usr/lib/gcc/x86_64-linux-gnu/4.7] ==> [/usr/lib/gcc/x86_64-linux-gnu/4.7]
  collapse dir [/usr/lib/gcc/x86_64-linux-gnu/4.7/../../../x86_64-linux-gnu] ==> [/usr/lib/x86_64-linux-gnu]
  collapse dir [/usr/lib/gcc/x86_64-linux-gnu/4.7/../../../../lib] ==> [/usr/lib]
  collapse dir [/lib/x86_64-linux-gnu] ==> [/lib/x86_64-linux-gnu]
  collapse dir [/lib/../lib] ==> [/lib]
  collapse dir [/usr/lib/x86_64-linux-gnu] ==> [/usr/lib/x86_64-linux-gnu]
  collapse dir [/usr/lib/../lib] ==> [/usr/lib]
  collapse dir [/usr/lib/gcc/x86_64-linux-gnu/4.7/../../..] ==> [/usr/lib]
  implicit libs: [mpi_cxx;mpi;stdc++;m;pthread;c]
  implicit dirs: [/usr/local/mpi-201507/lib;/usr/lib/gcc/x86_64-linux-gnu/4.7;/usr/lib/x86_64-linux-gnu;/usr/lib;/lib/x86_64-linux-gnu;/lib]


Determining if the include file execinfo.h exists passed with the following output:
Change Dir: /users/darie/PToolsV201507/petsc-3.6.1/opt/externalpackages/metis-5.1.0-p1/build/CMakeFiles/CMakeTmp

Run Build Command:/usr/bin/make "cmTryCompileExec2893398906/fast"
/usr/bin/make -f CMakeFiles/cmTryCompileExec2893398906.dir/build.make CMakeFiles/cmTryCompileExec2893398906.dir/build
make[1]: Entering directory `/users/darie/PToolsV201507/petsc-3.6.1/opt/externalpackages/metis-5.1.0-p1/build/CMakeFiles/CMakeTmp'
/usr/bin/cmake -E cmake_progress_report /users/darie/PToolsV201507/petsc-3.6.1/opt/externalpackages/metis-5.1.0-p1/build/CMakeFiles/CMakeTmp/CMakeFiles 1
Building C object CMakeFiles/cmTryCompileExec2893398906.dir/CheckIncludeFile.c.o
/usr/local/mpi-201507/bin/mpicc   -fPIC -O     -o CMakeFiles/cmTryCompileExec2893398906.dir/CheckIncludeFile.c.o   -c /users/darie/PToolsV201507/petsc-3.6.1/opt/externalpackages/metis-5.1.0-p1/build/CMakeFiles/CMakeTmp/CheckIncludeFile.c
Linking C executable cmTryCompileExec2893398906
/usr/bin/cmake -E cmake_link_script CMakeFiles/cmTryCompileExec2893398906.dir/link.txt --verbose=1
/usr/local/mpi-201507/bin/mpicc   -fPIC -O      CMakeFiles/cmTryCompileExec2893398906.dir/CheckIncludeFile.c.o  -o cmTryCompileExec2893398906 -rdynamic 
make[1]: Leaving directory `/users/darie/PToolsV201507/petsc-3.6.1/opt/externalpackages/metis-5.1.0-p1/build/CMakeFiles/CMakeTmp'


Determining if the function getline exists passed with the following output:
Change Dir: /users/darie/PToolsV201507/petsc-3.6.1/opt/externalpackages/metis-5.1.0-p1/build/CMakeFiles/CMakeTmp

Run Build Command:/usr/bin/make "cmTryCompileExec805517460/fast"
/usr/bin/make -f CMakeFiles/cmTryCompileExec805517460.dir/build.make CMakeFiles/cmTryCompileExec805517460.dir/build
make[1]: Entering directory `/users/darie/PToolsV201507/petsc-3.6.1/opt/externalpackages/metis-5.1.0-p1/build/CMakeFiles/CMakeTmp'
/usr/bin/cmake -E cmake_progress_report /users/darie/PToolsV201507/petsc-3.6.1/opt/externalpackages/metis-5.1.0-p1/build/CMakeFiles/CMakeTmp/CMakeFiles 1
Building C object CMakeFiles/cmTryCompileExec805517460.dir/CheckFunctionExists.c.o
/usr/local/mpi-201507/bin/mpicc   -fPIC -O  -DCHECK_FUNCTION_EXISTS=getline   -o CMakeFiles/cmTryCompileExec805517460.dir/CheckFunctionExists.c.o   -c /usr/share/cmake-2.8/Modules/CheckFunctionExists.c
Linking C executable cmTryCompileExec805517460
/usr/bin/cmake -E cmake_link_script CMakeFiles/cmTryCompileExec805517460.dir/link.txt --verbose=1
/usr/local/mpi-201507/bin/mpicc   -fPIC -O  -DCHECK_FUNCTION_EXISTS=getline    CMakeFiles/cmTryCompileExec805517460.dir/CheckFunctionExists.c.o  -o cmTryCompileExec805517460 -rdynamic 
make[1]: Leaving directory `/users/darie/PToolsV201507/petsc-3.6.1/opt/externalpackages/metis-5.1.0-p1/build/CMakeFiles/CMakeTmp'


Performing C SOURCE FILE Test HAVE__thread succeded with the following output:
Change Dir: /users/darie/PToolsV201507/petsc-3.6.1/opt/externalpackages/metis-5.1.0-p1/build/CMakeFiles/CMakeTmp

Run Build Command:/usr/bin/make "cmTryCompileExec3270511734/fast"
/usr/bin/make -f CMakeFiles/cmTryCompileExec3270511734.dir/build.make CMakeFiles/cmTryCompileExec3270511734.dir/build
make[1]: Entering directory `/users/darie/PToolsV201507/petsc-3.6.1/opt/externalpackages/metis-5.1.0-p1/build/CMakeFiles/CMakeTmp'
/usr/bin/cmake -E cmake_progress_report /users/darie/PToolsV201507/petsc-3.6.1/opt/externalpackages/metis-5.1.0-p1/build/CMakeFiles/CMakeTmp/CMakeFiles 1
Building C object CMakeFiles/cmTryCompileExec3270511734.dir/src.c.o
/usr/local/mpi-201507/bin/mpicc   -fPIC -O  -DHAVE__thread   -o CMakeFiles/cmTryCompileExec3270511734.dir/src.c.o   -c /users/darie/PToolsV201507/petsc-3.6.1/opt/externalpackages/metis-5.1.0-p1/build/CMakeFiles/CMakeTmp/src.c
Linking C executable cmTryCompileExec3270511734
/usr/bin/cmake -E cmake_link_script CMakeFiles/cmTryCompileExec3270511734.dir/link.txt --verbose=1
/usr/local/mpi-201507/bin/mpicc   -fPIC -O  -DHAVE__thread    CMakeFiles/cmTryCompileExec3270511734.dir/src.c.o  -o cmTryCompileExec3270511734 -rdynamic 
make[1]: Leaving directory `/users/darie/PToolsV201507/petsc-3.6.1/opt/externalpackages/metis-5.1.0-p1/build/CMakeFiles/CMakeTmp'

Return value: 1
Source file was:
__thread int x; int main() {x=0; return x;}
